<?xml version="1.0" encoding="UTF-8"?>
<!-- Generated by org.testng.reporters.JUnitReportReporter -->
<testsuite hostname="DESKTOP-OGNOMB7" failures="0" tests="4" name="com.jala.qa.testlayer.CreaeEmployeeTestPage" time="69.457" errors="0" timestamp="2024-12-05T21:16:03 IST" skipped="0">
  <testcase classname="com.jala.qa.testlayer.CreaeEmployeeTestPage" name="validateEmployeePage" time="15.263"/>
  <system-out/>
  <testcase classname="com.jala.qa.testlayer.CreaeEmployeeTestPage" name="validateEmployeePage" time="17.577"/>
  <system-out/>
  <testcase classname="com.jala.qa.testlayer.CreaeEmployeeTestPage" name="validateEmployeePage" time="16.382"/>
  <system-out/>
  <testcase classname="com.jala.qa.testlayer.CreaeEmployeeTestPage" name="validateEmployeePage" time="20.235"/>
  <system-out/>
</testsuite> <!-- com.jala.qa.testlayer.CreaeEmployeeTestPage -->
