<?xml version="1.0" encoding="UTF-8"?>
<!-- Generated by org.testng.reporters.JUnitReportReporter -->
<testsuite hostname="DESKTOP-OGNOMB7" failures="0" tests="4" name="com.jala.qa.testlayer.CreaeEmployeeTestPage" time="77.058" errors="0" timestamp="2024-12-03T21:50:39 IST" skipped="0">
  <testcase classname="com.jala.qa.testlayer.CreaeEmployeeTestPage" name="validateEmployeePage" time="17.056"/>
  <system-out/>
  <testcase classname="com.jala.qa.testlayer.CreaeEmployeeTestPage" name="validateEmployeePage" time="18.721"/>
  <system-out/>
  <testcase classname="com.jala.qa.testlayer.CreaeEmployeeTestPage" name="validateEmployeePage" time="21.281"/>
  <system-out/>
  <testcase classname="com.jala.qa.testlayer.CreaeEmployeeTestPage" name="validateEmployeePage" time="20.000"/>
  <system-out/>
</testsuite> <!-- com.jala.qa.testlayer.CreaeEmployeeTestPage -->
