<?xml version="1.0" encoding="UTF-8"?>
<!-- Generated by org.testng.reporters.JUnitReportReporter -->
<testsuite hostname="DESKTOP-OGNOMB7" failures="0" tests="1" name="com.jala.qa.testbase.testBase" time="10.172" errors="0" timestamp="2024-11-29T21:58:13 IST" skipped="0">
  <testcase classname="com.jala.qa.testbase.testBase" name="intilization" time="10.172"/>
  <system-out/>
</testsuite> <!-- com.jala.qa.testbase.testBase -->
