<?xml version="1.0" encoding="UTF-8"?>
<!-- Generated by org.testng.reporters.JUnitReportReporter -->
<testsuite hostname="DESKTOP-OGNOMB7" failures="0" tests="1" name="com.jala.qa.testbase.testBase" time="32.393" errors="0" timestamp="2024-12-01T20:39:30 IST" skipped="0">
  <testcase classname="com.jala.qa.testbase.testBase" name="intilization" time="32.393"/>
  <system-out/>
</testsuite> <!-- com.jala.qa.testbase.testBase -->
