<?xml version="1.0" encoding="UTF-8"?>
<!-- Generated by org.testng.reporters.JUnitReportReporter -->
<testsuite hostname="DESKTOP-OGNOMB7" failures="0" tests="1" name="com.jala.qa.testlayer.LoginTestPage" time="39.767" errors="0" timestamp="2024-12-02T21:10:06 IST" skipped="0">
  <testcase classname="com.jala.qa.testlayer.LoginTestPage" name="validateLoginPage" time="39.767"/>
  <system-out>
    <![CDATA[Url matched.. TC passed]]>
  </system-out>
</testsuite> <!-- com.jala.qa.testlayer.LoginTestPage -->
