<?xml version="1.0" encoding="UTF-8"?>
<!-- Generated by org.testng.reporters.JUnitReportReporter -->
<testsuite hostname="DESKTOP-OGNOMB7" failures="0" tests="2" name="com.jala.qa.testlayer.CreaeEmployeeTestPage" time="29.574" errors="0" timestamp="2024-12-02T22:54:42 IST" skipped="0">
  <testcase classname="com.jala.qa.testlayer.CreaeEmployeeTestPage" name="validateEmployeePage" time="13.557"/>
  <system-out/>
  <testcase classname="com.jala.qa.testlayer.CreaeEmployeeTestPage" name="validateEmployeePage" time="16.017"/>
  <system-out/>
</testsuite> <!-- com.jala.qa.testlayer.CreaeEmployeeTestPage -->
