<?xml version="1.0" encoding="UTF-8"?>
<!-- Generated by org.testng.reporters.JUnitReportReporter -->
<testsuite hostname="DESKTOP-OGNOMB7" failures="0" tests="1" name="com.jala.qa.testbase.testBase" time="18.866" errors="0" timestamp="2024-11-30T22:26:46 IST" skipped="0">
  <testcase classname="com.jala.qa.testbase.testBase" name="intilization" time="18.866"/>
  <system-out/>
</testsuite> <!-- com.jala.qa.testbase.testBase -->
